<?xml version="1.0" encoding="UTF-8"?>
<testsuite xmlns:xsi="http://www.w3.org/2001/XMLSchema-instance" xsi:noNamespaceSchemaLocation="https://maven.apache.org/surefire/maven-surefire-plugin/xsd/surefire-test-report-3.0.xsd" version="3.0" name="guru.springframework.spring6restmvc.repositories.CategoryRepositoryTest" time="0.165" tests="1" errors="0" skipped="0" failures="0">
  <properties>
[...]
</properties>
  <testcase name="testAddCategory" classname="guru.springframework.spring6restmvc.repositories.CategoryRepositoryTest" time="0.151">
    <system-out><![CDATA[2024-08-14T18:19:21.006+07:00  INFO 24776 --- [           main] t.c.s.AnnotationConfigContextLoaderUtils : Could not detect default configuration classes for test class [guru.springframework.spring6restmvc.repositories.CategoryRepositoryTest]: CategoryRepositoryTest does not declare any static, non-private, non-final, nested classes annotated with @Configuration.
2024-08-14T18:19:21.011+07:00  INFO 24776 --- [           main] .b.t.c.SpringBootTestContextBootstrapper : Found @SpringBootConfiguration guru.springframework.spring6restmvc.Spring6RestMvcApplication for test class guru.springframework.spring6restmvc.repositories.CategoryRepositoryTest
Pub Beer
]]></system-out>
  </testcase>
</testsuite>