<?xml version="1.0" encoding="UTF-8"?>
<testsuite xmlns:xsi="http://www.w3.org/2001/XMLSchema-instance" xsi:noNamespaceSchemaLocation="https://maven.apache.org/surefire/maven-surefire-plugin/xsd/surefire-test-report-3.0.xsd" version="3.0" name="guru.springframework.spring6restmvc.controller.CustomerControllerTest" time="1.085" tests="7" errors="0" skipped="0" failures="0">
  <properties>
[...]
</properties>
  <testcase name="testGetCustomerById" classname="guru.springframework.spring6restmvc.controller.CustomerControllerTest" time="0.013">
    <system-out><![CDATA[{"@timestamp":"2024-09-07T15:58:16.4668553+07:00","@version":"1","message":"Could not detect default configuration classes for test class [guru.springframework.spring6restmvc.controller.CustomerControllerTest]: CustomerControllerTest does not declare any static, non-private, non-final, nested classes annotated with @Configuration.","logger_name":"org.springframework.test.context.support.AnnotationConfigContextLoaderUtils","thread_name":"main","level":"INFO","level_value":20000}
{"@timestamp":"2024-09-07T15:58:16.4845026+07:00","@version":"1","message":"Found @SpringBootConfiguration guru.springframework.spring6restmvc.Spring6RestMvcApplication for test class guru.springframework.spring6restmvc.controller.CustomerControllerTest","logger_name":"org.springframework.boot.test.context.SpringBootTestContextBootstrapper","thread_name":"main","level":"INFO","level_value":20000}
{"@timestamp":"2024-09-07T15:58:16.4935021+07:00","@version":"1","message":"Restart disabled due to context in which it is running","logger_name":"org.springframework.boot.devtools.restart.RestartApplicationListener","thread_name":"main","level":"INFO","level_value":20000}
  .   ____          _            __ _ _
 /\\ / ___'_ __ _ _(_)_ __  __ _ \ \ \ \
( ( )\___ | '_ | '_| | '_ \/ _` | \ \ \ \
 \\/  ___)| |_)| | | | | || (_| |  ) ) ) )
  '  |____| .__|_| |_|_| |_\__, | / / / /
 =========|_|==============|___/=/_/_/_/

 :: Spring Boot ::                (v3.3.0)

{"@timestamp":"2024-09-07T15:58:16.523501+07:00","@version":"1","message":"Starting CustomerControllerTest using Java 21.0.4 with PID 16108 (started by hophu in D:\\LEARN\\JAVA\\SpringFramework6\\spring-6-rest-mvc)","logger_name":"guru.springframework.spring6restmvc.controller.CustomerControllerTest","thread_name":"main","level":"INFO","level_value":20000}
{"@timestamp":"2024-09-07T15:58:16.523501+07:00","@version":"1","message":"Running with Spring Boot v3.3.0, Spring v6.1.8","logger_name":"guru.springframework.spring6restmvc.controller.CustomerControllerTest","thread_name":"main","level":"DEBUG","level_value":10000}
{"@timestamp":"2024-09-07T15:58:16.5245205+07:00","@version":"1","message":"No active profile set, falling back to 1 default profile: \"default\"","logger_name":"guru.springframework.spring6restmvc.controller.CustomerControllerTest","thread_name":"main","level":"INFO","level_value":20000}
{"@timestamp":"2024-09-07T15:58:17.3982819+07:00","@version":"1","message":"Will secure EndpointRequestMatcher includes=[*], excludes=[], includeLinks=true with [org.springframework.security.web.session.DisableEncodeUrlFilter@1f3e9ccf, org.springframework.security.web.context.request.async.WebAsyncManagerIntegrationFilter@61fb9707, org.springframework.security.web.context.SecurityContextHolderFilter@65139e74, org.springframework.security.web.header.HeaderWriterFilter@3767369d, org.springframework.web.filter.CorsFilter@32620f7e, org.springframework.security.web.csrf.CsrfFilter@2860fd2b, org.springframework.security.web.authentication.logout.LogoutFilter@3fe715f7, org.springframework.security.web.savedrequest.RequestCacheAwareFilter@4a35be58, org.springframework.security.web.servletapi.SecurityContextHolderAwareRequestFilter@4823c725, org.springframework.security.web.authentication.AnonymousAuthenticationFilter@a2fd814, org.springframework.security.web.access.ExceptionTranslationFilter@16f28ccf, org.springframework.security.web.access.intercept.AuthorizationFilter@15d5a412]","logger_name":"org.springframework.security.web.DefaultSecurityFilterChain","thread_name":"main","level":"INFO","level_value":20000}
{"@timestamp":"2024-09-07T15:58:17.409268+07:00","@version":"1","message":"Will secure any request with [org.springframework.security.web.session.DisableEncodeUrlFilter@6ee36431, org.springframework.security.web.context.request.async.WebAsyncManagerIntegrationFilter@b2d8722, org.springframework.security.web.context.SecurityContextHolderFilter@219768f2, org.springframework.security.web.header.HeaderWriterFilter@57d953ba, org.springframework.web.filter.CorsFilter@16833557, org.springframework.security.web.csrf.CsrfFilter@52cbf342, org.springframework.security.web.authentication.logout.LogoutFilter@f49fa44, org.springframework.security.oauth2.server.resource.web.authentication.BearerTokenAuthenticationFilter@2eb82078, org.springframework.security.web.savedrequest.RequestCacheAwareFilter@2ccbde61, org.springframework.security.web.servletapi.SecurityContextHolderAwareRequestFilter@85a16dc, org.springframework.security.web.authentication.AnonymousAuthenticationFilter@79d77c1f, org.springframework.security.web.access.ExceptionTranslationFilter@1877985c, org.springframework.security.web.access.intercept.AuthorizationFilter@25370090]","logger_name":"org.springframework.security.web.DefaultSecurityFilterChain","thread_name":"main","level":"INFO","level_value":20000}
{"@timestamp":"2024-09-07T15:58:17.4622804+07:00","@version":"1","message":"Initializing Spring TestDispatcherServlet ''","logger_name":"org.springframework.boot.test.mock.web.SpringBootMockServletContext","thread_name":"main","level":"INFO","level_value":20000}
{"@timestamp":"2024-09-07T15:58:17.4622804+07:00","@version":"1","message":"Initializing Servlet ''","logger_name":"org.springframework.test.web.servlet.TestDispatcherServlet","thread_name":"main","level":"INFO","level_value":20000}
{"@timestamp":"2024-09-07T15:58:17.4632663+07:00","@version":"1","message":"Completed initialization in 1 ms","logger_name":"org.springframework.test.web.servlet.TestDispatcherServlet","thread_name":"main","level":"INFO","level_value":20000}
{"@timestamp":"2024-09-07T15:58:17.4692662+07:00","@version":"1","message":"Started CustomerControllerTest in 0.977 seconds (process running for 28.999)","logger_name":"guru.springframework.spring6restmvc.controller.CustomerControllerTest","thread_name":"main","level":"INFO","level_value":20000}
]]></system-out>
  </testcase>
  <testcase name="testGetAllCustomer" classname="guru.springframework.spring6restmvc.controller.CustomerControllerTest" time="0.009"/>
  <testcase name="testCustomerByIdNotFoundException" classname="guru.springframework.spring6restmvc.controller.CustomerControllerTest" time="0.007"/>
  <testcase name="testPatchCustomer" classname="guru.springframework.spring6restmvc.controller.CustomerControllerTest" time="0.009"/>
  <testcase name="testUpdateCustomer" classname="guru.springframework.spring6restmvc.controller.CustomerControllerTest" time="0.008"/>
  <testcase name="testCreateCustomer" classname="guru.springframework.spring6restmvc.controller.CustomerControllerTest" time="0.014"/>
  <testcase name="testDeleteCustomer" classname="guru.springframework.spring6restmvc.controller.CustomerControllerTest" time="0.005"/>
</testsuite>