<?xml version="1.0" encoding="UTF-8"?>
<testsuite xmlns:xsi="http://www.w3.org/2001/XMLSchema-instance" xsi:noNamespaceSchemaLocation="https://maven.apache.org/surefire/maven-surefire-plugin/xsd/surefire-test-report-3.0.xsd" version="3.0" name="guru.springframework.spring6restmvc.repositories.CustomerRepositoryTest" time="0.818" tests="1" errors="0" skipped="0" failures="0">
  <properties>
[...]
</properties>
  <testcase name="testSaveCustomer" classname="guru.springframework.spring6restmvc.repositories.CustomerRepositoryTest" time="0.006">
    <system-out><![CDATA[2024-03-20T16:12:16.868+07:00  INFO 2636 --- [           main] t.c.s.AnnotationConfigContextLoaderUtils : Could not detect default configuration classes for test class [guru.springframework.spring6restmvc.repositories.CustomerRepositoryTest]: CustomerRepositoryTest does not declare any static, non-private, non-final, nested classes annotated with @Configuration.
2024-03-20T16:12:16.893+07:00  INFO 2636 --- [           main] .b.t.c.SpringBootTestContextBootstrapper : Found @SpringBootConfiguration guru.springframework.spring6restmvc.Spring6RestMvcApplication for test class guru.springframework.spring6restmvc.repositories.CustomerRepositoryTest
2024-03-20T16:12:16.898+07:00  INFO 2636 --- [           main] o.s.b.d.r.RestartApplicationListener     : Restart disabled due to context in which it is running

  .   ____          _            __ _ _
 /\\ / ___'_ __ _ _(_)_ __  __ _ \ \ \ \
( ( )\___ | '_ | '_| | '_ \/ _` | \ \ \ \
 \\/  ___)| |_)| | | | | || (_| |  ) ) ) )
  '  |____| .__|_| |_|_| |_\__, | / / / /
 =========|_|==============|___/=/_/_/_/
 :: Spring Boot ::                (v3.2.0)

2024-03-20T16:12:16.944+07:00  INFO 2636 --- [           main] g.s.s.r.CustomerRepositoryTest           : Starting CustomerRepositoryTest using Java 17.0.9 with PID 2636 (started by hophu in D:\LEARN\JAVA\SpringFramework6\spring-6-rest-mvc)
2024-03-20T16:12:16.944+07:00 DEBUG 2636 --- [           main] g.s.s.r.CustomerRepositoryTest           : Running with Spring Boot v3.2.0, Spring v6.1.1
2024-03-20T16:12:16.944+07:00  INFO 2636 --- [           main] g.s.s.r.CustomerRepositoryTest           : No active profile set, falling back to 1 default profile: "default"
2024-03-20T16:12:17.108+07:00  INFO 2636 --- [           main] .s.d.r.c.RepositoryConfigurationDelegate : Bootstrapping Spring Data JPA repositories in DEFAULT mode.
2024-03-20T16:12:17.142+07:00  INFO 2636 --- [           main] .s.d.r.c.RepositoryConfigurationDelegate : Finished Spring Data repository scanning in 33 ms. Found 5 JPA repository interfaces.
2024-03-20T16:12:17.170+07:00  INFO 2636 --- [           main] beddedDataSourceBeanFactoryPostProcessor : Replacing 'dataSource' DataSource bean with embedded version
2024-03-20T16:12:17.191+07:00  INFO 2636 --- [           main] o.s.j.d.e.EmbeddedDatabaseFactory        : Starting embedded database: url='jdbc:h2:mem:df2c1d37-8f1d-491b-be4d-2cc96a76718f;DB_CLOSE_DELAY=-1;DB_CLOSE_ON_EXIT=false', username='sa'
2024-03-20T16:12:17.226+07:00  INFO 2636 --- [           main] o.hibernate.jpa.internal.util.LogHelper  : HHH000204: Processing PersistenceUnitInfo [name: default]
2024-03-20T16:12:17.232+07:00  INFO 2636 --- [           main] o.h.c.internal.RegionFactoryInitiator    : HHH000026: Second-level cache disabled
2024-03-20T16:12:17.239+07:00  INFO 2636 --- [           main] o.s.o.j.p.SpringPersistenceUnitInfo      : No LoadTimeWeaver setup: ignoring JPA class transformer
2024-03-20T16:12:17.491+07:00  INFO 2636 --- [           main] o.h.e.t.j.p.i.JtaPlatformInitiator       : HHH000489: No JTA platform available (set 'hibernate.transaction.jta.platform' to enable JTA platform integration)
Hibernate: drop table if exists account cascade 
Hibernate: drop table if exists beer cascade 
Hibernate: drop table if exists beer_category cascade 
Hibernate: drop table if exists beer_order cascade 
Hibernate: drop table if exists beer_order_line cascade 
Hibernate: drop table if exists beer_order_shipment cascade 
Hibernate: drop table if exists category cascade 
Hibernate: drop table if exists customer cascade 
Hibernate: create table account (years integer not null, id varchar(36) not null, name varchar(50), primary key (id))
Hibernate: create table beer (beer_style tinyint check (beer_style between 0 and 9), price numeric(38,2), quantity_on_hand integer, version integer, created_date timestamp(6), update_date timestamp(6), id varchar(36) not null, beer_name varchar(50), upc varchar(255), primary key (id))
Hibernate: create table beer_category (beer_id varchar(36) not null, category_id varchar(36) not null, primary key (beer_id, category_id))
Hibernate: create table beer_order (created_date timestamp(6), last_modified_date timestamp(6), version bigint, beer_order_shipment_id varchar(36) unique, customer_id varchar(36), id varchar(36) not null, customer_ref varchar(255), primary key (id))
Hibernate: create table beer_order_line (order_quantity integer, quantity_allocated integer, created_date timestamp(6), last_modified_date timestamp(6), version bigint, beer_id varchar(36), beer_order_id varchar(36), id varchar(36) not null, primary key (id))
Hibernate: create table beer_order_shipment (created_date timestamp(6), last_modified_date timestamp(6), version bigint, beer_order_id varchar(36) unique, id varchar(36) not null, tracking_number varchar(255), primary key (id))
Hibernate: create table category (created_date timestamp(6), last_modified_date timestamp(6), version bigint, id varchar(36) not null, description varchar(255), primary key (id))
Hibernate: create table customer (version integer, created_date timestamp(6), update_date timestamp(6), id varchar(36) not null, name varchar(50), email varchar(255), primary key (id))
Hibernate: alter table if exists beer_category add constraint FK7o42knkmhb44bhnsb804o16ch foreign key (beer_id) references beer
Hibernate: alter table if exists beer_category add constraint FKrmk65j5tao1q8mp3v4mkpesie foreign key (category_id) references category
Hibernate: alter table if exists beer_order add constraint FK52c52110ft36i9l66u0fqh1s2 foreign key (beer_order_shipment_id) references beer_order_shipment
Hibernate: alter table if exists beer_order add constraint FK5siih2e7vpx70nx4wexpxpji foreign key (customer_id) references customer
Hibernate: alter table if exists beer_order_line add constraint FKslskqsf79v6iekvb6d3gcc1l4 foreign key (beer_id) references beer
Hibernate: alter table if exists beer_order_line add constraint FKhkgofxhwx8yw9m3vat8mgtnxs foreign key (beer_order_id) references beer_order
Hibernate: alter table if exists beer_order_shipment add constraint FKqry3snbsxuavowegq87xn9gd6 foreign key (beer_order_id) references beer_order
2024-03-20T16:12:17.518+07:00  INFO 2636 --- [           main] j.LocalContainerEntityManagerFactoryBean : Initialized JPA EntityManagerFactory for persistence unit 'default'
2024-03-20T16:12:17.676+07:00  INFO 2636 --- [           main] g.s.s.r.CustomerRepositoryTest           : Started CustomerRepositoryTest in 0.779 seconds (process running for 20.482)
]]></system-out>
  </testcase>
</testsuite>